<?xml version="1.0" encoding="UTF-8"?>
<testng-results skipped="0" failed="0" ignored="0" total="2" passed="2">
  <reporter-output>
  </reporter-output>
  <suite name="Default suite" duration-ms="6010" started-at="2021-07-28T21:51:35 IST" finished-at="2021-07-28T21:51:41 IST">
    <groups>
    </groups>
    <test name="Default test" duration-ms="6010" started-at="2021-07-28T21:51:35 IST" finished-at="2021-07-28T21:51:41 IST">
      <class name="com.qa.tests.GetAPITest">
        <test-method status="PASS" signature="setUp()[pri:0, instance:com.qa.tests.GetAPITest@18eed359]" name="setUp" is-config="true" duration-ms="21" started-at="2021-07-28T21:51:35 IST" finished-at="2021-07-28T21:51:35 IST">
          <reporter-output>
          </reporter-output>
        </test-method> <!-- setUp -->
        <test-method status="PASS" signature="getTestWithoutHeaders()[pri:1, instance:com.qa.tests.GetAPITest@18eed359]" name="getTestWithoutHeaders" duration-ms="5018" started-at="2021-07-28T21:51:35 IST" finished-at="2021-07-28T21:51:40 IST">
          <reporter-output>
          </reporter-output>
        </test-method> <!-- getTestWithoutHeaders -->
        <test-method status="PASS" signature="setUp()[pri:0, instance:com.qa.tests.GetAPITest@18eed359]" name="setUp" is-config="true" duration-ms="1" started-at="2021-07-28T21:51:40 IST" finished-at="2021-07-28T21:51:40 IST">
          <reporter-output>
          </reporter-output>
        </test-method> <!-- setUp -->
        <test-method status="PASS" signature="getTestWithHeaders()[pri:2, instance:com.qa.tests.GetAPITest@18eed359]" name="getTestWithHeaders" duration-ms="837" started-at="2021-07-28T21:51:40 IST" finished-at="2021-07-28T21:51:41 IST">
          <reporter-output>
          </reporter-output>
        </test-method> <!-- getTestWithHeaders -->
      </class> <!-- com.qa.tests.GetAPITest -->
    </test> <!-- Default test -->
  </suite> <!-- Default suite -->
</testng-results>
